<?xml version="1.0" encoding="UTF-8"?>
<!-- Generated by org.testng.reporters.JUnitReportReporter -->
<testsuite skipped="0" hostname="DESKTOP-7BF33OF" name="TestCases.TC001_Pagetitle" tests="1" failures="0" timestamp="2020-02-08T15:43:36 IST" time="14.773" errors="0">
  <testcase name="runLogin" time="14.773" classname="TestCases.TC001_Pagetitle"/>
</testsuite> <!-- TestCases.TC001_Pagetitle -->
